<?xml version="1.0" encoding="UTF-8"?>
<!-- Generated by org.testng.reporters.JUnitXMLReporter -->
<testsuite hostname="Gilani-LG" ignored="6" name="Test" tests="1" failures="0" timestamp="01 Feb 2020 03:34:41 GMT" time="43.486" errors="0">
  <testcase name="testValidLoginLogout" time="12.27" classname="com.actitime.tests.ValidLoginLogoutTest"/>
  <testcase name="@BeforeTest startTest" time="0.0" classname="com.actitime.generic.BaseTest">
    <ignored/>
  </testcase> <!-- @BeforeTest startTest -->
  <testcase name="@BeforeTest startTest" time="0.0" classname="com.actitime.generic.BaseTest">
    <ignored/>
  </testcase> <!-- @BeforeTest startTest -->
  <testcase name="@BeforeTest startTest" time="0.0" classname="com.actitime.generic.BaseTest">
    <ignored/>
  </testcase> <!-- @BeforeTest startTest -->
  <testcase name="@AfterTest stopTest" time="0.0" classname="com.actitime.generic.BaseTest">
    <ignored/>
  </testcase> <!-- @AfterTest stopTest -->
  <testcase name="@AfterTest stopTest" time="0.0" classname="com.actitime.generic.BaseTest">
    <ignored/>
  </testcase> <!-- @AfterTest stopTest -->
  <testcase name="@AfterTest stopTest" time="0.0" classname="com.actitime.generic.BaseTest">
    <ignored/>
  </testcase> <!-- @AfterTest stopTest -->
</testsuite> <!-- Test -->
