<?xml version="1.0" encoding="UTF-8"?>
<testng-results skipped="0" failed="0" ignored="6" total="7" passed="1">
  <reporter-output>
    <line>
      <![CDATA[Tittle is matching :actiTIME - Login]]>
    </line>
    <line>
      <![CDATA[Tittle is matching :actiTIME - Enter Time-Track]]>
    </line>
    <line>
      <![CDATA[Tittle is matching :actiTIME - Login]]>
    </line>
  </reporter-output>
  <suite name="Suite" duration-ms="43486" started-at="2020-02-01T03:33:57Z" finished-at="2020-02-01T03:34:41Z">
    <groups>
    </groups>
    <test name="Test" duration-ms="43486" started-at="2020-02-01T03:33:57Z" finished-at="2020-02-01T03:34:41Z">
      <class name="com.actitime.tests.ValidLoginLogoutTest">
        <test-method status="PASS" signature="precondition()[pri:0, instance:com.actitime.tests.ValidLoginLogoutTest@6156496]" name="precondition" is-config="true" duration-ms="26491" started-at="2020-02-01T03:33:57Z" finished-at="2020-02-01T03:34:24Z">
          <reporter-output>
          </reporter-output>
        </test-method> <!-- precondition -->
        <test-method status="PASS" signature="testValidLoginLogout()[pri:1, instance:com.actitime.tests.ValidLoginLogoutTest@6156496]" name="testValidLoginLogout" duration-ms="12270" started-at="2020-02-01T03:34:24Z" finished-at="2020-02-01T03:34:36Z">
          <reporter-output>
            <line>
              <![CDATA[Tittle is matching :actiTIME - Login]]>
            </line>
            <line>
              <![CDATA[Tittle is matching :actiTIME - Enter Time-Track]]>
            </line>
            <line>
              <![CDATA[Tittle is matching :actiTIME - Login]]>
            </line>
          </reporter-output>
        </test-method> <!-- testValidLoginLogout -->
        <test-method status="PASS" signature="postcondition(org.testng.ITestResult)[pri:0, instance:com.actitime.tests.ValidLoginLogoutTest@6156496]" name="postcondition" is-config="true" duration-ms="4142" started-at="2020-02-01T03:34:36Z" finished-at="2020-02-01T03:34:40Z">
          <params>
            <param index="0">
              <value>
                <![CDATA[[TestResult name=testValidLoginLogout status=SUCCESS method=ValidLoginLogoutTest.testValidLoginLogout()[pri:1, instance:com.actitime.tests.ValidLoginLogoutTest@6156496] output=Tittle is matching :actiTIME - Login]]]>
              </value>
            </param>
          </params>
          <reporter-output>
          </reporter-output>
        </test-method> <!-- postcondition -->
      </class> <!-- com.actitime.tests.ValidLoginLogoutTest -->
      <class name="com.actitime.tests.InvalidLoginTest">
        <test-method status="PASS" signature="startTest()[pri:0, instance:com.actitime.tests.InvalidLoginTest@2aa5fe93]" name="startTest" is-config="true" duration-ms="115" started-at="2020-02-01T03:33:57Z" finished-at="2020-02-01T03:33:57Z">
          <reporter-output>
          </reporter-output>
        </test-method> <!-- startTest -->
        <test-method status="PASS" signature="stopTest()[pri:0, instance:com.actitime.tests.InvalidLoginTest@2aa5fe93]" name="stopTest" is-config="true" duration-ms="452" started-at="2020-02-01T03:34:40Z" finished-at="2020-02-01T03:34:41Z">
          <reporter-output>
          </reporter-output>
        </test-method> <!-- stopTest -->
      </class> <!-- com.actitime.tests.InvalidLoginTest -->
    </test> <!-- Test -->
  </suite> <!-- Suite -->
</testng-results>
